\BOOKMARK [1][-]{section.1}{Lemmas}{}% 1
\BOOKMARK [2][-]{subsection.1.1}{Arrangements of n objects}{section.1}% 2
\BOOKMARK [2][-]{subsection.1.2}{Vandermonde's Identity}{section.1}% 3
\BOOKMARK [2][-]{subsection.1.3}{Probability Space}{section.1}% 4
\BOOKMARK [2][-]{subsection.1.4}{Conditional Probability}{section.1}% 5
\BOOKMARK [2][-]{subsection.1.5}{Conditional Distribution}{section.1}% 6
\BOOKMARK [2][-]{subsection.1.6}{Conditional Expectation}{section.1}% 7
\BOOKMARK [2][-]{subsection.1.7}{Independence}{section.1}% 8
\BOOKMARK [2][-]{subsection.1.8}{Discrete Random Variables}{section.1}% 9
\BOOKMARK [2][-]{subsection.1.9}{Probability Mass Function}{section.1}% 10
\BOOKMARK [2][-]{subsection.1.10}{Classical Distributions}{section.1}% 11
\BOOKMARK [3][-]{subsubsection.1.10.1}{Bernoulli Distribution}{subsection.1.10}% 12
\BOOKMARK [3][-]{subsubsection.1.10.2}{Binomial Distribution}{subsection.1.10}% 13
\BOOKMARK [3][-]{subsubsection.1.10.3}{Geometric Distribution}{subsection.1.10}% 14
\BOOKMARK [3][-]{subsubsection.1.10.4}{Poisson Distribution}{subsection.1.10}% 15
\BOOKMARK [2][-]{subsection.1.11}{Expectation}{section.1}% 16
\BOOKMARK [2][-]{subsection.1.12}{Moments}{section.1}% 17
\BOOKMARK [2][-]{subsection.1.13}{Joint Distributions}{section.1}% 18
\BOOKMARK [2][-]{subsection.1.14}{Joint Probability Mass Function}{section.1}% 19
\BOOKMARK [2][-]{subsection.1.15}{Marginal Distribution}{section.1}% 20
\BOOKMARK [2][-]{subsection.1.16}{Covariance}{section.1}% 21
\BOOKMARK [2][-]{subsection.1.17}{Multivariate Joint Distributions}{section.1}% 22
\BOOKMARK [2][-]{subsection.1.18}{Multivariate Independence}{section.1}% 23
\BOOKMARK [2][-]{subsection.1.19}{Variance}{section.1}% 24
\BOOKMARK [1][-]{section.2}{Axioms}{}% 25
\BOOKMARK [1][-]{section.3}{Theorems}{}% 26
