\BOOKMARK [1][-]{section.1}{Sets}{}% 1
\BOOKMARK [2][-]{subsection.1.1}{Set definition}{section.1}% 2
\BOOKMARK [2][-]{subsection.1.2}{Standard Sets}{section.1}% 3
\BOOKMARK [2][-]{subsection.1.3}{Comparing Sets}{section.1}% 4
\BOOKMARK [2][-]{subsection.1.4}{Set Operations}{section.1}% 5
\BOOKMARK [2][-]{subsection.1.5}{Algebraic Laws}{section.1}% 6
\BOOKMARK [1][-]{section.2}{Functions}{}% 7
\BOOKMARK [2][-]{subsection.2.1}{Definition}{section.2}% 8
\BOOKMARK [2][-]{subsection.2.2}{Function Set Laws}{section.2}% 9
\BOOKMARK [2][-]{subsection.2.3}{Function Composition}{section.2}% 10
\BOOKMARK [2][-]{subsection.2.4}{Inverse Functions}{section.2}% 11
\BOOKMARK [2][-]{subsection.2.5}{Binary Functions and their Properties}{section.2}% 12
\BOOKMARK [1][-]{section.3}{Counting}{}% 13
\BOOKMARK [2][-]{subsection.3.1}{Laws of Sum and Product}{section.3}% 14
\BOOKMARK [3][-]{subsubsection.3.1.1}{Addition}{subsection.3.1}% 15
\BOOKMARK [3][-]{subsubsection.3.1.2}{Subtraction}{subsection.3.1}% 16
\BOOKMARK [3][-]{subsubsection.3.1.3}{Multiplication}{subsection.3.1}% 17
\BOOKMARK [2][-]{subsection.3.2}{Arrangements of n objects}{section.3}% 18
\BOOKMARK [3][-]{subsubsection.3.2.1}{Vandermonde's Identity}{subsection.3.2}% 19
\BOOKMARK [2][-]{subsection.3.3}{Double Counting}{section.3}% 20
\BOOKMARK [1][-]{section.4}{Relations}{}% 21
\BOOKMARK [2][-]{subsection.4.1}{Definition}{section.4}% 22
\BOOKMARK [2][-]{subsection.4.2}{Properties}{section.4}% 23
\BOOKMARK [2][-]{subsection.4.3}{Equivalence Relations}{section.4}% 24
\BOOKMARK [3][-]{subsubsection.4.3.1}{Example}{subsection.4.3}% 25
\BOOKMARK [2][-]{subsection.4.4}{Operations}{section.4}% 26
\BOOKMARK [3][-]{subsubsection.4.4.1}{Converse}{subsection.4.4}% 27
\BOOKMARK [3][-]{subsubsection.4.4.2}{Composition}{subsection.4.4}% 28
\BOOKMARK [3][-]{subsubsection.4.4.3}{Closure}{subsection.4.4}% 29
\BOOKMARK [2][-]{subsection.4.5}{Drawing Relations}{section.4}% 30
\BOOKMARK [2][-]{subsection.4.6}{Counting Relations}{section.4}% 31
\BOOKMARK [2][-]{subsection.4.7}{Partitions}{section.4}% 32
\BOOKMARK [3][-]{subsubsection.4.7.1}{Definition}{subsection.4.7}% 33
\BOOKMARK [1][-]{section.5}{Sequences}{}% 34
\BOOKMARK [2][-]{subsection.5.1}{Definition}{section.5}% 35
\BOOKMARK [1][-]{section.6}{Modular Arithemtic}{}% 36
\BOOKMARK [2][-]{subsection.6.1}{Definition}{section.6}% 37
\BOOKMARK [2][-]{subsection.6.2}{Properties}{section.6}% 38
\BOOKMARK [1][-]{section.7}{Asymptotic Notation}{}% 39
\BOOKMARK [2][-]{subsection.7.1}{Big-O Notation}{section.7}% 40
\BOOKMARK [2][-]{subsection.7.2}{Big-Omega Notation}{section.7}% 41
\BOOKMARK [2][-]{subsection.7.3}{Big-Theta Notation}{section.7}% 42
\BOOKMARK [2][-]{subsection.7.4}{The Master Theorem}{section.7}% 43
\BOOKMARK [1][-]{section.8}{Orders}{}% 44
\BOOKMARK [2][-]{subsection.8.1}{Definition}{section.8}% 45
\BOOKMARK [2][-]{subsection.8.2}{Ordering Cartesian products}{section.8}% 46
\BOOKMARK [2][-]{subsection.8.3}{Drawing Orders}{section.8}% 47
\BOOKMARK [2][-]{subsection.8.4}{Bounds}{section.8}% 48
\BOOKMARK [1][-]{section.9}{Methods of Proof}{}% 49
\BOOKMARK [2][-]{subsection.9.1}{Proof by Contrapositive}{section.9}% 50
\BOOKMARK [2][-]{subsection.9.2}{Proof by Contradiction}{section.9}% 51
\BOOKMARK [2][-]{subsection.9.3}{Proof by Induction}{section.9}% 52
\BOOKMARK [2][-]{subsection.9.4}{Proof by Strong Induction}{section.9}% 53
\BOOKMARK [2][-]{subsection.9.5}{Proof by Minimal Counter-example}{section.9}% 54
\BOOKMARK [2][-]{subsection.9.6}{The Pigeonhole Principle}{section.9}% 55
\BOOKMARK [2][-]{subsection.9.7}{Proving statements in the form xy.P}{section.9}% 56
\BOOKMARK [2][-]{subsection.9.8}{Proving statements in the form xy.P}{section.9}% 57
