\BOOKMARK [1][-]{section.1}{Design Principles}{}% 1
\BOOKMARK [2][-]{subsection.1.1}{Divide and Conquer}{section.1}% 2
\BOOKMARK [3][-]{subsubsection.1.1.1}{Merge Sort}{subsection.1.1}% 3
\BOOKMARK [3][-]{subsubsection.1.1.2}{Binary Search}{subsection.1.1}% 4
\BOOKMARK [3][-]{subsubsection.1.1.3}{Selection Problem}{subsection.1.1}% 5
\BOOKMARK [3][-]{subsubsection.1.1.4}{Integer Multiplication}{subsection.1.1}% 6
\BOOKMARK [3][-]{subsubsection.1.1.5}{Matrix Multiplication}{subsection.1.1}% 7
\BOOKMARK [2][-]{subsection.1.2}{Dynamic Programming}{section.1}% 8
\BOOKMARK [3][-]{subsubsection.1.2.1}{Knapsack Problems with Repetition}{subsection.1.2}% 9
\BOOKMARK [3][-]{subsubsection.1.2.2}{Knapsack Problems without Repetition}{subsection.1.2}% 10
\BOOKMARK [3][-]{subsubsection.1.2.3}{Change Making Problem}{subsection.1.2}% 11
\BOOKMARK [3][-]{subsubsection.1.2.4}{Edit Distance Problem \(Levenshtein Distance\)}{subsection.1.2}% 12
\BOOKMARK [3][-]{subsubsection.1.2.5}{Travelling Salesman Problem}{subsection.1.2}% 13
\BOOKMARK [3][-]{subsubsection.1.2.6}{All-pairs shortest path}{subsection.1.2}% 14
\BOOKMARK [2][-]{subsection.1.3}{Greedy Algorithms}{section.1}% 15
\BOOKMARK [3][-]{subsubsection.1.3.1}{Change Making Algorithms}{subsection.1.3}% 16
\BOOKMARK [3][-]{subsubsection.1.3.2}{Minimum Spanning Tree Algorithm}{subsection.1.3}% 17
\BOOKMARK [3][-]{subsubsection.1.3.3}{Kruskal's Algorithm}{subsection.1.3}% 18
\BOOKMARK [3][-]{subsubsection.1.3.4}{Prim's Algorithm}{subsection.1.3}% 19
\BOOKMARK [2][-]{subsection.1.4}{Dynamic Programming vs. Divide-and-Conquer}{section.1}% 20
\BOOKMARK [1][-]{section.2}{Data Structures}{}% 21
\BOOKMARK [2][-]{subsection.2.1}{Heaps}{section.2}% 22
\BOOKMARK [3][-]{subsubsection.2.1.1}{Representation}{subsection.2.1}% 23
\BOOKMARK [3][-]{subsubsection.2.1.2}{Maintaining heaps}{subsection.2.1}% 24
